<?xml version="1.0" encoding="UTF-8"?>
<!-- Generated by org.testng.reporters.JUnitReportReporter -->
<testsuite hostname="DESKTOP-G7QOS9T" failures="0" tests="1" name="TestNGPackage.TestNGClass3" time="0.001" errors="0" timestamp="2020-10-20T16:48:05 EDT" skipped="0">
  <testcase classname="TestNGPackage.TestNGClass3" name="Demo3" time="0.001"/>
  <system-out/>
</testsuite> <!-- TestNGPackage.TestNGClass3 -->
