<?xml version="1.0" encoding="UTF-8"?>
<!-- Generated by org.testng.reporters.JUnitReportReporter -->
<testsuite hostname="DESKTOP-G7QOS9T" failures="0" tests="2" name="TestNGPackage.TestNGClass" time="0.019" errors="0" timestamp="2020-10-20T16:48:05 EDT" skipped="0">
  <testcase classname="TestNGPackage.TestNGClass" name="Demo2" time="0.003"/>
  <system-out/>
  <testcase classname="TestNGPackage.TestNGClass" name="Demo" time="0.016"/>
  <system-out/>
</testsuite> <!-- TestNGPackage.TestNGClass -->
